[2013-04-15 19:50:22.497] [INFO] crash-log - [gate],[gate-server-1],[1366026622497],[disconnect]
[2013-04-15 20:08:17.683] [INFO] crash-log - [connector],[connector-server-1],[1366027697683],[disconnect]
[2013-04-16 10:21:31.782] [INFO] crash-log - [chat],[chat-server-1],[1366078891782],[disconnect]
[2013-04-16 10:30:00.131] [INFO] crash-log - [chat],[chat-server-1],[1366079400131],[disconnect]
[2013-04-16 11:07:10.141] [INFO] crash-log - [room],[room-server-1],[1366081630141],[disconnect]
[2013-04-16 11:07:10.185] [INFO] crash-log - [undefined],[undefined],[1366081630185],[disconnect]
[2013-04-16 11:07:10.217] [INFO] crash-log - [chat],[chat-server-1],[1366081630217],[disconnect]
[2013-04-16 11:07:10.217] [INFO] crash-log - [undefined],[undefined],[1366081630217],[disconnect]
[2013-04-16 11:07:46.562] [INFO] crash-log - [chat],[chat-server-1],[1366081666562],[disconnect]
[2013-04-16 11:07:46.625] [INFO] crash-log - [undefined],[undefined],[1366081666625],[disconnect]
[2013-04-16 11:07:46.626] [INFO] crash-log - [undefined],[undefined],[1366081666626],[disconnect]
[2013-04-16 11:07:46.629] [INFO] crash-log - [room],[room-server-1],[1366081666629],[disconnect]
[2013-04-16 11:25:13.592] [INFO] crash-log - [undefined],[undefined],[1366082713592],[disconnect]
[2013-04-16 11:25:14.370] [INFO] crash-log - [room],[room-server-1],[1366082714370],[disconnect]
[2013-04-16 11:25:14.496] [INFO] crash-log - [chat],[chat-server-1],[1366082714496],[disconnect]
[2013-04-16 11:25:14.668] [INFO] crash-log - [undefined],[undefined],[1366082714667],[disconnect]
[2013-04-18 10:54:14.162] [INFO] crash-log - [undefined],[undefined],[1366253654162],[disconnect]
[2013-04-18 10:54:14.164] [INFO] crash-log - [undefined],[undefined],[1366253654164],[disconnect]
[2013-04-18 10:54:14.165] [INFO] crash-log - [undefined],[undefined],[1366253654165],[disconnect]
[2013-04-18 10:54:14.166] [INFO] crash-log - [undefined],[undefined],[1366253654166],[disconnect]
[2013-04-18 10:54:14.166] [INFO] crash-log - [undefined],[undefined],[1366253654166],[disconnect]
[2013-04-18 11:00:13.936] [INFO] crash-log - [room],[room-server-1],[1366254013936],[disconnect]
[2013-04-24 17:28:35.391] [INFO] crash-log - [undefined],[undefined],[1366795715391],[disconnect]
[2013-04-24 17:28:35.404] [INFO] crash-log - [undefined],[undefined],[1366795715403],[disconnect]
[2013-04-24 17:28:35.408] [INFO] crash-log - [connector],[connector-server-1],[1366795715408],[disconnect]
[2013-04-24 17:28:35.412] [INFO] crash-log - [undefined],[undefined],[1366795715412],[disconnect]
[2013-04-24 19:03:11.287] [INFO] crash-log - [undefined],[undefined],[1366801391287],[disconnect]
[2013-04-24 19:03:11.290] [INFO] crash-log - [undefined],[undefined],[1366801391290],[disconnect]
[2013-04-24 19:03:11.291] [INFO] crash-log - [undefined],[undefined],[1366801391291],[disconnect]
[2013-04-24 19:03:11.292] [INFO] crash-log - [undefined],[undefined],[1366801391292],[disconnect]
[2013-04-24 19:06:33.414] [INFO] crash-log - [connector],[connector-server-1],[1366801593414],[disconnect]
