[2013-04-15 11:28:15.441] [INFO] /node_modules/pomelo/lib/application.js - application inited: "chat-server-1"
[2013-04-15 11:28:16.284] [INFO] console - info: 'socket.io started'
[2013-04-15 11:28:16.346] [INFO] /node_modules/pomelo/node_modules/pomelo-admin/lib/consoleService.js - try to connect master: "chat", "127.0.0.1", 3005
[2013-04-15 11:28:16.603] [INFO] /node_modules/pomelo/lib/application.js - "chat-server-1" enter after start...
[2013-04-15 11:28:16.605] [INFO] /node_modules/pomelo/lib/application.js - "chat-server-1" finish start
[2013-04-15 11:32:19.593] [INFO] /node_modules/pomelo/lib/application.js - application inited: "chat-server-1"
[2013-04-15 11:32:20.410] [INFO] console - info: 'socket.io started'
[2013-04-15 11:32:20.485] [INFO] /node_modules/pomelo/node_modules/pomelo-admin/lib/consoleService.js - try to connect master: "chat", "127.0.0.1", 3005
[2013-04-15 11:32:20.613] [INFO] /node_modules/pomelo/lib/application.js - "chat-server-1" enter after start...
[2013-04-15 11:32:20.615] [INFO] /node_modules/pomelo/lib/application.js - "chat-server-1" finish start
[2013-04-15 18:15:57.974] [INFO] /node_modules/pomelo/lib/application.js - application inited: "chat-server-1"
[2013-04-15 18:15:58.852] [INFO] console - info: 'socket.io started'
[2013-04-15 18:15:58.900] [INFO] /node_modules/pomelo/node_modules/pomelo-admin/lib/consoleService.js - try to connect master: "chat", "127.0.0.1", 3005
[2013-04-15 18:15:59.001] [INFO] /node_modules/pomelo/lib/application.js - "chat-server-1" enter after start...
[2013-04-15 18:15:59.003] [INFO] /node_modules/pomelo/lib/application.js - "chat-server-1" finish start
[2013-04-15 18:19:03.812] [INFO] /node_modules/pomelo/lib/application.js - application inited: "chat-server-1"
[2013-04-15 18:19:04.692] [INFO] console - info: 'socket.io started'
[2013-04-15 18:19:04.755] [INFO] /node_modules/pomelo/node_modules/pomelo-admin/lib/consoleService.js - try to connect master: "chat", "127.0.0.1", 3005
[2013-04-15 18:19:04.884] [INFO] /node_modules/pomelo/lib/application.js - "chat-server-1" enter after start...
[2013-04-15 18:19:04.886] [INFO] /node_modules/pomelo/lib/application.js - "chat-server-1" finish start
[2013-04-15 19:10:21.275] [INFO] /node_modules/pomelo/lib/application.js - application inited: "chat-server-1"
[2013-04-15 19:10:22.392] [INFO] console - info: 'socket.io started'
[2013-04-15 19:10:22.468] [INFO] /node_modules/pomelo/node_modules/pomelo-admin/lib/consoleService.js - try to connect master: "chat", "127.0.0.1", 3005
[2013-04-15 19:10:22.639] [INFO] /node_modules/pomelo/lib/application.js - "chat-server-1" enter after start...
[2013-04-15 19:10:22.641] [INFO] /node_modules/pomelo/lib/application.js - "chat-server-1" finish start
[2013-04-15 19:19:49.523] [INFO] /node_modules/pomelo/lib/application.js - application inited: "chat-server-1"
[2013-04-15 19:19:50.523] [INFO] console - info: 'socket.io started'
[2013-04-15 19:19:50.655] [INFO] /node_modules/pomelo/node_modules/pomelo-admin/lib/consoleService.js - try to connect master: "chat", "127.0.0.1", 3005
[2013-04-15 19:19:50.770] [INFO] /node_modules/pomelo/lib/application.js - "chat-server-1" enter after start...
[2013-04-15 19:19:50.776] [INFO] /node_modules/pomelo/lib/application.js - "chat-server-1" finish start
[2013-04-15 19:48:06.459] [INFO] /node_modules/pomelo/lib/application.js - application inited: "chat-server-1"
[2013-04-15 19:48:07.323] [INFO] console - info: 'socket.io started'
[2013-04-15 19:48:07.350] [INFO] /node_modules/pomelo/node_modules/pomelo-admin/lib/consoleService.js - try to connect master: "chat", "127.0.0.1", 3005
[2013-04-15 19:48:07.510] [INFO] /node_modules/pomelo/lib/application.js - "chat-server-1" enter after start...
[2013-04-15 19:48:07.525] [INFO] /node_modules/pomelo/lib/application.js - "chat-server-1" finish start
[2013-04-16 10:18:44.756] [INFO] /node_modules/pomelo/lib/application.js - application inited: "chat-server-1"
[2013-04-16 10:18:45.672] [INFO] console - info: 'socket.io started'
[2013-04-16 10:18:45.714] [INFO] /node_modules/pomelo/node_modules/pomelo-admin/lib/consoleService.js - try to connect master: "chat", "127.0.0.1", 3005
[2013-04-16 10:18:45.800] [INFO] /node_modules/pomelo/lib/application.js - "chat-server-1" enter after start...
[2013-04-16 10:18:45.802] [INFO] /node_modules/pomelo/lib/application.js - "chat-server-1" finish start
[2013-04-16 10:26:46.763] [INFO] /node_modules/pomelo/lib/application.js - application inited: "chat-server-1"
[2013-04-16 10:26:47.874] [INFO] console - info: 'socket.io started'
[2013-04-16 10:26:47.894] [ERROR] console -  Caught exception: Error: listen EADDRINUSE
    at errnoException (net.js:878:11)
    at Server._listen2 (net.js:1016:14)
    at listen (net.js:1038:10)
    at Server.listen (net.js:1104:5)
    at Object.exports.listen (/Users/Genius/chatofpomelo/game-server/node_modules/pomelo/node_modules/socket.io/lib/socket.io.js:74:12)
    at pro.listen (/Users/Genius/chatofpomelo/game-server/node_modules/pomelo/node_modules/pomelo-rpc/lib/rpc-server/acceptors/ws-acceptor.js:29:21)
    at pro.start (/Users/Genius/chatofpomelo/game-server/node_modules/pomelo/node_modules/pomelo-rpc/lib/rpc-server/gateway.js:42:17)
    at pro.start (/Users/Genius/chatofpomelo/game-server/node_modules/pomelo/lib/components/remote.js:46:15)
    at /Users/Genius/chatofpomelo/game-server/node_modules/pomelo/lib/util/appUtil.js:82:19
    at iterate (/Users/Genius/chatofpomelo/game-server/node_modules/pomelo/node_modules/async/lib/async.js:123:13)
[2013-04-16 10:26:47.986] [INFO] /node_modules/pomelo/node_modules/pomelo-admin/lib/consoleService.js - try to connect master: "chat", "127.0.0.1", 3005
[2013-04-16 10:26:48.316] [INFO] /node_modules/pomelo/lib/application.js - "chat-server-1" enter after start...
[2013-04-16 10:26:48.317] [INFO] /node_modules/pomelo/lib/application.js - "chat-server-1" finish start
[2013-04-16 10:28:09.217] [INFO] /node_modules/pomelo/lib/application.js - application inited: "chat-server-1"
[2013-04-16 10:28:10.043] [INFO] console - info: 'socket.io started'
[2013-04-16 10:28:10.070] [INFO] /node_modules/pomelo/node_modules/pomelo-admin/lib/consoleService.js - try to connect master: "chat", "127.0.0.1", 3005
[2013-04-16 10:28:10.159] [INFO] /node_modules/pomelo/lib/application.js - "chat-server-1" enter after start...
[2013-04-16 10:28:10.161] [INFO] /node_modules/pomelo/lib/application.js - "chat-server-1" finish start
[2013-04-18 10:50:13.350] [INFO] /node_modules/pomelo/lib/application.js - application inited: "chat-server-1"
[2013-04-18 10:50:14.510] [INFO] console - info: 'socket.io started'
[2013-04-18 10:50:14.564] [INFO] /node_modules/pomelo/node_modules/pomelo-admin/lib/consoleService.js - try to connect master: "chat", "127.0.0.1", 3005
[2013-04-18 10:50:14.685] [INFO] /node_modules/pomelo/lib/application.js - "chat-server-1" enter after start...
[2013-04-18 10:50:14.686] [INFO] /node_modules/pomelo/lib/application.js - "chat-server-1" finish start
[2013-04-18 10:53:35.497] [INFO] /node_modules/pomelo/lib/application.js - application inited: "chat-server-1"
[2013-04-18 10:53:36.870] [INFO] console - info: 'socket.io started'
[2013-04-18 10:53:36.883] [ERROR] console -  Caught exception: Error: listen EADDRINUSE
    at errnoException (net.js:878:11)
    at Server._listen2 (net.js:1016:14)
    at listen (net.js:1038:10)
    at Server.listen (net.js:1104:5)
    at Object.exports.listen (/Users/Genius/chatofpomelo/game-server/node_modules/pomelo/node_modules/socket.io/lib/socket.io.js:74:12)
    at pro.listen (/Users/Genius/chatofpomelo/game-server/node_modules/pomelo/node_modules/pomelo-rpc/lib/rpc-server/acceptors/ws-acceptor.js:29:21)
    at pro.start (/Users/Genius/chatofpomelo/game-server/node_modules/pomelo/node_modules/pomelo-rpc/lib/rpc-server/gateway.js:42:17)
    at pro.start (/Users/Genius/chatofpomelo/game-server/node_modules/pomelo/lib/components/remote.js:46:15)
    at /Users/Genius/chatofpomelo/game-server/node_modules/pomelo/lib/util/appUtil.js:82:19
    at iterate (/Users/Genius/chatofpomelo/game-server/node_modules/pomelo/node_modules/async/lib/async.js:123:13)
[2013-04-18 10:53:36.945] [INFO] /node_modules/pomelo/node_modules/pomelo-admin/lib/consoleService.js - try to connect master: "chat", "127.0.0.1", 3005
[2013-04-18 10:54:44.191] [INFO] /node_modules/pomelo/lib/application.js - application inited: "chat-server-1"
[2013-04-18 10:54:45.459] [INFO] console - info: 'socket.io started'
[2013-04-18 10:54:45.499] [INFO] /node_modules/pomelo/node_modules/pomelo-admin/lib/consoleService.js - try to connect master: "chat", "127.0.0.1", 3005
[2013-04-18 10:54:45.622] [INFO] /node_modules/pomelo/lib/application.js - "chat-server-1" enter after start...
[2013-04-18 10:54:45.624] [INFO] /node_modules/pomelo/lib/application.js - "chat-server-1" finish start
[2013-04-18 10:58:22.715] [INFO] /node_modules/pomelo/lib/application.js - application inited: "chat-server-1"
[2013-04-18 10:58:23.714] [INFO] console - info: 'socket.io started'
[2013-04-18 10:58:23.752] [INFO] /node_modules/pomelo/node_modules/pomelo-admin/lib/consoleService.js - try to connect master: "chat", "127.0.0.1", 3005
[2013-04-18 10:58:23.872] [INFO] /node_modules/pomelo/lib/application.js - "chat-server-1" enter after start...
[2013-04-18 10:58:23.875] [INFO] /node_modules/pomelo/lib/application.js - "chat-server-1" finish start
[2013-04-24 16:58:45.387] [INFO] /node_modules/pomelo/lib/application.js - application inited: "chat-server-1"
[2013-04-24 16:58:47.134] [INFO] console - info: 'socket.io started'
[2013-04-24 16:58:47.245] [INFO] /node_modules/pomelo/node_modules/pomelo-admin/lib/consoleService.js - try to connect master: "chat", "127.0.0.1", 3005
[2013-04-24 16:58:47.311] [INFO] /node_modules/pomelo/lib/application.js - "chat-server-1" enter after start...
[2013-04-24 16:58:47.313] [INFO] /node_modules/pomelo/lib/application.js - "chat-server-1" finish start
[2013-04-24 16:59:25.528] [INFO] /node_modules/pomelo/lib/application.js - application inited: "chat-server-1"
[2013-04-24 16:59:26.729] [INFO] console - info: 'socket.io started'
[2013-04-24 16:59:26.752] [INFO] /node_modules/pomelo/node_modules/pomelo-admin/lib/consoleService.js - try to connect master: "chat", "127.0.0.1", 3005
[2013-04-24 16:59:26.854] [INFO] /node_modules/pomelo/lib/application.js - "chat-server-1" enter after start...
[2013-04-24 16:59:26.856] [INFO] /node_modules/pomelo/lib/application.js - "chat-server-1" finish start
[2013-04-24 17:00:10.579] [INFO] /node_modules/pomelo/lib/application.js - application inited: "chat-server-1"
[2013-04-24 17:00:11.852] [INFO] console - info: 'socket.io started'
[2013-04-24 17:00:11.909] [INFO] /node_modules/pomelo/node_modules/pomelo-admin/lib/consoleService.js - try to connect master: "chat", "127.0.0.1", 3005
[2013-04-24 17:00:12.058] [INFO] /node_modules/pomelo/lib/application.js - "chat-server-1" enter after start...
[2013-04-24 17:00:12.060] [INFO] /node_modules/pomelo/lib/application.js - "chat-server-1" finish start
[2013-04-24 17:02:39.780] [INFO] /node_modules/pomelo/lib/application.js - application inited: "chat-server-1"
[2013-04-24 17:02:41.297] [INFO] console - info: 'socket.io started'
[2013-04-24 17:02:41.358] [INFO] /node_modules/pomelo/node_modules/pomelo-admin/lib/consoleService.js - try to connect master: "chat", "127.0.0.1", 3005
[2013-04-24 17:02:41.695] [INFO] /node_modules/pomelo/lib/application.js - "chat-server-1" enter after start...
[2013-04-24 17:02:41.701] [INFO] /node_modules/pomelo/lib/application.js - "chat-server-1" finish start
[2013-04-24 17:27:50.727] [INFO] /node_modules/pomelo/lib/application.js - application inited: "chat-server-1"
[2013-04-24 17:27:52.174] [INFO] console - info: 'socket.io started'
[2013-04-24 17:27:52.197] [INFO] /node_modules/pomelo/node_modules/pomelo-admin/lib/consoleService.js - try to connect master: "chat", "127.0.0.1", 3005
[2013-04-24 17:27:52.350] [INFO] /node_modules/pomelo/lib/application.js - "chat-server-1" enter after start...
[2013-04-24 17:27:52.355] [INFO] /node_modules/pomelo/lib/application.js - "chat-server-1" finish start
[2013-04-24 17:28:28.729] [INFO] /node_modules/pomelo/lib/application.js - application inited: "chat-server-1"
[2013-04-24 17:28:29.656] [INFO] console - info: 'socket.io started'
[2013-04-24 17:28:29.672] [ERROR] console -  Caught exception: Error: listen EADDRINUSE
    at errnoException (net.js:878:11)
    at Server._listen2 (net.js:1016:14)
    at listen (net.js:1038:10)
    at Server.listen (net.js:1104:5)
    at Object.exports.listen (/Users/Genius/pockerofpomelo/game-server/node_modules/pomelo/node_modules/socket.io/lib/socket.io.js:74:12)
    at pro.listen (/Users/Genius/pockerofpomelo/game-server/node_modules/pomelo/node_modules/pomelo-rpc/lib/rpc-server/acceptors/ws-acceptor.js:29:21)
    at pro.start (/Users/Genius/pockerofpomelo/game-server/node_modules/pomelo/node_modules/pomelo-rpc/lib/rpc-server/gateway.js:42:17)
    at pro.start (/Users/Genius/pockerofpomelo/game-server/node_modules/pomelo/lib/components/remote.js:46:15)
    at /Users/Genius/pockerofpomelo/game-server/node_modules/pomelo/lib/util/appUtil.js:82:19
    at iterate (/Users/Genius/pockerofpomelo/game-server/node_modules/pomelo/node_modules/async/lib/async.js:123:13)
[2013-04-24 17:28:29.717] [INFO] /node_modules/pomelo/node_modules/pomelo-admin/lib/consoleService.js - try to connect master: "chat", "127.0.0.1", 3005
[2013-04-24 17:28:42.087] [INFO] /node_modules/pomelo/lib/application.js - application inited: "chat-server-1"
[2013-04-24 17:28:43.048] [INFO] console - info: 'socket.io started'
[2013-04-24 17:28:43.067] [ERROR] console -  Caught exception: Error: listen EADDRINUSE
    at errnoException (net.js:878:11)
    at Server._listen2 (net.js:1016:14)
    at listen (net.js:1038:10)
    at Server.listen (net.js:1104:5)
    at Object.exports.listen (/Users/Genius/pockerofpomelo/game-server/node_modules/pomelo/node_modules/socket.io/lib/socket.io.js:74:12)
    at pro.listen (/Users/Genius/pockerofpomelo/game-server/node_modules/pomelo/node_modules/pomelo-rpc/lib/rpc-server/acceptors/ws-acceptor.js:29:21)
    at pro.start (/Users/Genius/pockerofpomelo/game-server/node_modules/pomelo/node_modules/pomelo-rpc/lib/rpc-server/gateway.js:42:17)
    at pro.start (/Users/Genius/pockerofpomelo/game-server/node_modules/pomelo/lib/components/remote.js:46:15)
    at /Users/Genius/pockerofpomelo/game-server/node_modules/pomelo/lib/util/appUtil.js:82:19
    at iterate (/Users/Genius/pockerofpomelo/game-server/node_modules/pomelo/node_modules/async/lib/async.js:123:13)
[2013-04-24 17:28:43.092] [INFO] /node_modules/pomelo/node_modules/pomelo-admin/lib/consoleService.js - try to connect master: "chat", "127.0.0.1", 3005
[2013-04-24 17:29:20.905] [INFO] /node_modules/pomelo/lib/application.js - application inited: "chat-server-1"
[2013-04-24 17:29:21.799] [INFO] console - info: 'socket.io started'
[2013-04-24 17:29:21.838] [INFO] /node_modules/pomelo/node_modules/pomelo-admin/lib/consoleService.js - try to connect master: "chat", "127.0.0.1", 3005
[2013-04-24 17:29:21.950] [INFO] /node_modules/pomelo/lib/application.js - "chat-server-1" enter after start...
[2013-04-24 17:29:21.951] [INFO] /node_modules/pomelo/lib/application.js - "chat-server-1" finish start
[2013-04-24 17:29:41.795] [INFO] /node_modules/pomelo/lib/application.js - application inited: "chat-server-1"
[2013-04-24 17:29:42.664] [INFO] console - info: 'socket.io started'
[2013-04-24 17:29:42.693] [INFO] /node_modules/pomelo/node_modules/pomelo-admin/lib/consoleService.js - try to connect master: "chat", "127.0.0.1", 3005
[2013-04-24 17:29:42.788] [INFO] /node_modules/pomelo/lib/application.js - "chat-server-1" enter after start...
[2013-04-24 17:29:42.802] [INFO] /node_modules/pomelo/lib/application.js - "chat-server-1" finish start
[2013-04-24 17:31:01.425] [INFO] /node_modules/pomelo/lib/application.js - application inited: "chat-server-1"
[2013-04-24 17:31:02.290] [INFO] console - info: 'socket.io started'
[2013-04-24 17:31:02.329] [INFO] /node_modules/pomelo/node_modules/pomelo-admin/lib/consoleService.js - try to connect master: "chat", "127.0.0.1", 3005
[2013-04-24 17:31:02.435] [INFO] /node_modules/pomelo/lib/application.js - "chat-server-1" enter after start...
[2013-04-24 17:31:02.437] [INFO] /node_modules/pomelo/lib/application.js - "chat-server-1" finish start
[2013-04-24 17:36:11.805] [INFO] /node_modules/pomelo/lib/application.js - application inited: "chat-server-1"
[2013-04-24 17:36:12.632] [INFO] console - info: 'socket.io started'
[2013-04-24 17:36:12.679] [INFO] /node_modules/pomelo/node_modules/pomelo-admin/lib/consoleService.js - try to connect master: "chat", "127.0.0.1", 3005
[2013-04-24 17:36:12.798] [INFO] /node_modules/pomelo/lib/application.js - "chat-server-1" enter after start...
[2013-04-24 17:36:12.799] [INFO] /node_modules/pomelo/lib/application.js - "chat-server-1" finish start
[2013-04-24 17:54:36.185] [INFO] /node_modules/pomelo/lib/application.js - application inited: "chat-server-1"
[2013-04-24 17:54:37.178] [INFO] console - info: 'socket.io started'
[2013-04-24 17:54:37.301] [INFO] /node_modules/pomelo/node_modules/pomelo-admin/lib/consoleService.js - try to connect master: "chat", "127.0.0.1", 3005
[2013-04-24 17:54:37.498] [INFO] /node_modules/pomelo/lib/application.js - "chat-server-1" enter after start...
[2013-04-24 17:54:37.500] [INFO] /node_modules/pomelo/lib/application.js - "chat-server-1" finish start
[2013-04-24 19:03:08.763] [INFO] /node_modules/pomelo/lib/application.js - application inited: "chat-server-1"
[2013-04-24 19:03:09.765] [INFO] console - info: 'socket.io started'
[2013-04-24 19:03:09.788] [ERROR] console -  Caught exception: Error: listen EADDRINUSE
    at errnoException (net.js:878:11)
    at Server._listen2 (net.js:1016:14)
    at listen (net.js:1038:10)
    at Server.listen (net.js:1104:5)
    at Object.exports.listen (/Users/Genius/pockerofpomelo/game-server/node_modules/pomelo/node_modules/socket.io/lib/socket.io.js:74:12)
    at pro.listen (/Users/Genius/pockerofpomelo/game-server/node_modules/pomelo/node_modules/pomelo-rpc/lib/rpc-server/acceptors/ws-acceptor.js:29:21)
    at pro.start (/Users/Genius/pockerofpomelo/game-server/node_modules/pomelo/node_modules/pomelo-rpc/lib/rpc-server/gateway.js:42:17)
    at pro.start (/Users/Genius/pockerofpomelo/game-server/node_modules/pomelo/lib/components/remote.js:46:15)
    at /Users/Genius/pockerofpomelo/game-server/node_modules/pomelo/lib/util/appUtil.js:82:19
    at iterate (/Users/Genius/pockerofpomelo/game-server/node_modules/pomelo/node_modules/async/lib/async.js:123:13)
[2013-04-24 19:03:09.817] [INFO] /node_modules/pomelo/node_modules/pomelo-admin/lib/consoleService.js - try to connect master: "chat", "127.0.0.1", 3005
[2013-04-24 19:03:27.350] [INFO] /node_modules/pomelo/lib/application.js - application inited: "chat-server-1"
[2013-04-24 19:03:28.169] [INFO] console - info: 'socket.io started'
[2013-04-24 19:03:28.213] [INFO] /node_modules/pomelo/node_modules/pomelo-admin/lib/consoleService.js - try to connect master: "chat", "127.0.0.1", 3005
[2013-04-24 19:03:28.366] [INFO] /node_modules/pomelo/lib/application.js - "chat-server-1" enter after start...
[2013-04-24 19:03:28.369] [INFO] /node_modules/pomelo/lib/application.js - "chat-server-1" finish start
